app/build/outputs/logs/manifest-merger-debug-report.txt
-- Merging decision tree log ---
manifest
ADDED from src\main\AndroidManifest.xml:2:1-50:12
	package
		ADDED from src\main\AndroidManifest.xml:3:11-54
		INJECTED from src\main\AndroidManifest.xml
		INJECTED from src\main\AndroidManifest.xml
	android:versionName
		INJECTED from src\main\AndroidManifest.xml
		INJECTED from src\main\AndroidManifest.xml
	xmlns:android
		ADDED from src\main\AndroidManifest.xml:2:11-69
	android:versionCode
		INJECTED from src\main\AndroidManifest.xml
		INJECTED from src\main\AndroidManifest.xml
uses-permission#android.permission.INTERNET
ADDED from src\main\AndroidManifest.xml:5:5-66
	android:name
		ADDED from src\main\AndroidManifest.xml:5:22-64
application
ADDED from src\main\AndroidManifest.xml:7:5-48:19
MERGED from [com.android.support:design:23.4.0] AndroidManifest.xml:22:5-20
MERGED from [com.android.support:appcompat-v7:23.4.0] AndroidManifest.xml:25:5-20
MERGED from [com.android.support:animated-vector-drawable:23.4.0] AndroidManifest.xml:7:5-20
MERGED from [com.android.support:support-vector-drawable:23.4.0] AndroidManifest.xml:7:5-20
MERGED from [com.android.support:support-v4:23.4.0] AndroidManifest.xml:22:5-20
MERGED from [com.android.support:cardview-v7:23.1.1] AndroidManifest.xml:22:5-20
	android:label
		ADDED from src\main\AndroidManifest.xml:9:9-41
	android:icon
		ADDED from src\main\AndroidManifest.xml:8:9-40
	android:theme
		ADDED from src\main\AndroidManifest.xml:10:9-44
activity#com.example.srishti.flickrbrowser.activities.MainActivity
ADDED from src\main\AndroidManifest.xml:11:9-19:20
	android:label
		ADDED from src\main\AndroidManifest.xml:13:13-45
	android:name
		ADDED from src\main\AndroidManifest.xml:12:13-52
intent-filter#android.intent.action.MAIN+android.intent.category.LAUNCHER
ADDED from src\main\AndroidManifest.xml:14:13-18:29
action#android.intent.action.MAIN
ADDED from src\main\AndroidManifest.xml:15:17-68
	android:name
		ADDED from src\main\AndroidManifest.xml:15:25-66
category#android.intent.category.LAUNCHER
ADDED from src\main\AndroidManifest.xml:17:17-76
	android:name
		ADDED from src\main\AndroidManifest.xml:17:27-74
activity#com.example.srishti.flickrbrowser.activities.SearchActivity
ADDED from src\main\AndroidManifest.xml:20:9-38:20
	android:label
		ADDED from src\main\AndroidManifest.xml:22:13-58
	android:parentActivityName
		ADDED from src\main\AndroidManifest.xml:23:13-66
	android:theme
		ADDED from src\main\AndroidManifest.xml:24:13-48
	android:name
		ADDED from src\main\AndroidManifest.xml:21:13-54
meta-data#android.support.PARENT_ACTIVITY
ADDED from src\main\AndroidManifest.xml:25:13-27:92
	android:value
		ADDED from src\main\AndroidManifest.xml:27:17-90
	android:name
		ADDED from src\main\AndroidManifest.xml:26:17-63
intent-filter#android.intent.action.SEARCH+android.intent.category.DEFAULT
ADDED from src\main\AndroidManifest.xml:29:13-33:29
action#android.intent.action.SEARCH
ADDED from src\main\AndroidManifest.xml:30:17-70
	android:name
		ADDED from src\main\AndroidManifest.xml:30:25-68
category#android.intent.category.DEFAULT
ADDED from src\main\AndroidManifest.xml:32:17-75
	android:name
		ADDED from src\main\AndroidManifest.xml:32:27-73
meta-data#android.app.searchable
ADDED from src\main\AndroidManifest.xml:35:13-37:53
	android:resource
		ADDED from src\main\AndroidManifest.xml:37:17-51
	android:name
		ADDED from src\main\AndroidManifest.xml:36:17-54
activity#com.example.srishti.flickrbrowser.activities.ViewPhotoDetailsActivity
ADDED from src\main\AndroidManifest.xml:39:9-47:20
	android:label
		ADDED from src\main\AndroidManifest.xml:41:13-70
	android:parentActivityName
		ADDED from src\main\AndroidManifest.xml:42:13-66
	android:theme
		ADDED from src\main\AndroidManifest.xml:43:13-48
	android:name
		ADDED from src\main\AndroidManifest.xml:40:13-64
uses-sdk
INJECTED from src\main\AndroidManifest.xml reason: use-sdk injection requested
MERGED from [com.android.support:design:23.4.0] AndroidManifest.xml:20:5-43
MERGED from [com.android.support:appcompat-v7:23.4.0] AndroidManifest.xml:21:5-23:78
MERGED from [com.android.support:animated-vector-drawable:23.4.0] AndroidManifest.xml:5:5-44
MERGED from [com.android.support:support-vector-drawable:23.4.0] AndroidManifest.xml:5:5-43
MERGED from [com.android.support:recyclerview-v7:23.4.0] AndroidManifest.xml:20:5-43
MERGED from [com.android.support:support-v4:23.4.0] AndroidManifest.xml:20:5-43
MERGED from [com.android.support:cardview-v7:23.1.1] AndroidManifest.xml:20:5-43
	tools:overrideLibrary
		ADDED from [com.android.support:appcompat-v7:23.4.0] AndroidManifest.xml:23:9-75
	android:targetSdkVersion
		INJECTED from src\main\AndroidManifest.xml
		INJECTED from src\main\AndroidManifest.xml
	android:minSdkVersion
		INJECTED from src\main\AndroidManifest.xml
		INJECTED from src\main\AndroidManifest.xml